Aug 17 15:21:33 [info ] eventlog_startup: logging event levels: fatal,error,warn,info,debug,trace
Aug 17 15:21:33 [debug] pvpgn::give_up_root_privileges: about to give up root privileges
Aug 17 15:21:33 [info ] pvpgn_greeting: PvPGN version 1.99.0-SVN process 2892
Aug 17 15:21:33 [info ] pvpgn_greeting: running on Windows XP 6.02 build 9200 (i686)
Aug 17 15:21:33 [info ] pvpgn::bnetd::storage_init: initializing storage layer (available drivers: file, sql, sql2)
Aug 17 15:21:33 [info ] pvpgn::bnetd::sql_mysql_init: Successfully turned on MYSQL_OPT_RECONNECT.
Aug 17 15:21:33 [error] pvpgn::bnetd::sql_mysql_init: error connecting to database (db said: 'Access denied for user 'pvpgn'@'localhost' (using password: YES)')
Aug 17 15:21:33 [error] pvpgn::bnetd::sql_init: got error init db
Aug 17 15:21:33 [error] pre_server_startup: storage init failed
Aug 17 15:21:45 [info ] eventlog_startup: logging event levels: fatal,error,warn,info,debug,trace
Aug 17 15:21:45 [debug] pvpgn::give_up_root_privileges: about to give up root privileges
Aug 17 15:21:45 [info ] pvpgn_greeting: PvPGN version 1.99.0-SVN process 908
Aug 17 15:21:46 [info ] pvpgn_greeting: running on Windows XP 6.02 build 9200 (i686)
Aug 17 15:21:46 [info ] pvpgn::bnetd::storage_init: initializing storage layer (available drivers: file, sql, sql2)
Aug 17 15:21:46 [info ] pvpgn::bnetd::sql_mysql_init: Successfully turned on MYSQL_OPT_RECONNECT.
Aug 17 15:21:46 [error] pvpgn::bnetd::sql_mysql_init: error connecting to database (db said: 'Access denied for user 'pvpgn'@'localhost' (using password: YES)')
Aug 17 15:21:46 [error] pvpgn::bnetd::sql_init: got error init db
Aug 17 15:21:46 [error] pre_server_startup: storage init failed
Aug 17 15:22:49 [info ] eventlog_startup: logging event levels: fatal,error,warn,info,debug,trace
Aug 17 15:22:49 [debug] pvpgn::give_up_root_privileges: about to give up root privileges
Aug 17 15:22:49 [info ] pvpgn_greeting: PvPGN version 1.99.0-SVN process 2152
Aug 17 15:22:49 [info ] pvpgn_greeting: running on Windows XP 6.02 build 9200 (i686)
Aug 17 15:22:49 [info ] pvpgn::bnetd::storage_init: initializing storage layer (available drivers: file, sql, sql2)
Aug 17 15:22:49 [info ] pvpgn::bnetd::sql_mysql_init: Successfully turned on MYSQL_OPT_RECONNECT.
Aug 17 15:22:49 [info ] pvpgn::bnetd::sql_dbcreator: Creating missing tables and columns (if any)
Aug 17 15:22:49 [info ] pvpgn::bnetd::sql_dbcreator: added missing table pvpgn_BNET to DB
Aug 17 15:22:49 [info ] pvpgn::bnetd::sql_dbcreator: added missing column uid int NOT NULL PRIMARY KEY to table pvpgn_BNET
Aug 17 15:22:49 [info ] pvpgn::bnetd::sql_dbcreator: added missing column acct_username varchar(32) to table pvpgn_BNET
Aug 17 15:22:49 [info ] pvpgn::bnetd::sql_dbcreator: added missing column username varchar(32) to table pvpgn_BNET
Aug 17 15:22:49 [info ] pvpgn::bnetd::sql_dbcreator: sucessfully issued: && UPDATE pvpgn_BNET SET username = lower(acct_username)
Aug 17 15:22:49 [info ] pvpgn::bnetd::sql_dbcreator: added missing column acct_userid int to table pvpgn_BNET
Aug 17 15:22:49 [info ] pvpgn::bnetd::sql_dbcreator: added missing column acct_passhash1 varchar(128) to table pvpgn_BNET
Aug 17 15:22:49 [info ] pvpgn::bnetd::sql_dbcreator: added missing column acct_email varchar(128) to table pvpgn_BNET
Aug 17 15:22:49 [info ] pvpgn::bnetd::sql_dbcreator: added missing column auth_admin varchar(16) to table pvpgn_BNET
Aug 17 15:22:49 [info ] pvpgn::bnetd::sql_dbcreator: added missing column auth_normallogin varchar(16) to table pvpgn_BNET
Aug 17 15:22:49 [info ] pvpgn::bnetd::sql_dbcreator: added missing column auth_changepass varchar(16) to table pvpgn_BNET
Aug 17 15:22:49 [info ] pvpgn::bnetd::sql_dbcreator: added missing column auth_changeprofile varchar(16) to table pvpgn_BNET
Aug 17 15:22:49 [info ] pvpgn::bnetd::sql_dbcreator: added missing column auth_botlogin varchar(16) to table pvpgn_BNET
Aug 17 15:22:49 [info ] pvpgn::bnetd::sql_dbcreator: added missing column auth_operator varchar(16) to table pvpgn_BNET
Aug 17 15:22:49 [info ] pvpgn::bnetd::sql_dbcreator: added missing column new_at_team_flag int to table pvpgn_BNET
Aug 17 15:22:49 [info ] pvpgn::bnetd::sql_dbcreator: added missing column auth_lockk varchar(16) to table pvpgn_BNET
Aug 17 15:22:49 [info ] pvpgn::bnetd::sql_dbcreator: added missing column auth_mute varchar(16) to table pvpgn_BNET
Aug 17 15:22:49 [info ] pvpgn::bnetd::sql_dbcreator: added missing column auth_command_groups varchar(128) to table pvpgn_BNET
Aug 17 15:22:49 [info ] pvpgn::bnetd::sql_dbcreator: added missing column acct_lastlogin_time int to table pvpgn_BNET
Aug 17 15:22:49 [info ] pvpgn::bnetd::sql_dbcreator: added missing column acct_lastlogin_owner varchar(128) to table pvpgn_BNET
Aug 17 15:22:49 [info ] pvpgn::bnetd::sql_dbcreator: added missing column acct_lastlogin_clienttag varchar(128) to table pvpgn_BNET
Aug 17 15:22:49 [info ] pvpgn::bnetd::sql_dbcreator: added missing column acct_lastlogin_ip varchar(32) to table pvpgn_BNET
Aug 17 15:22:49 [info ] pvpgn::bnetd::sql_dbcreator: sucessfully issued: CREATE UNIQUE INDEX username2 ON pvpgn_BNET (username)
Aug 17 15:22:49 [info ] pvpgn::bnetd::sql_dbcreator: added missing default account to table pvpgn_BNET
Aug 17 15:22:49 [info ] pvpgn::bnetd::sql_dbcreator: added missing table pvpgn_WOL to DB
Aug 17 15:22:49 [info ] pvpgn::bnetd::sql_dbcreator: added missing column uid int NOT NULL PRIMARY KEY to table pvpgn_WOL
Aug 17 15:22:49 [info ] pvpgn::bnetd::sql_dbcreator: added missing column auth_apgar varchar(8) to table pvpgn_WOL
Aug 17 15:22:49 [info ] pvpgn::bnetd::sql_dbcreator: added missing column acct_locale int to table pvpgn_WOL
Aug 17 15:22:49 [info ] pvpgn::bnetd::sql_dbcreator: added missing default account to table pvpgn_WOL
Aug 17 15:22:49 [info ] pvpgn::bnetd::sql_dbcreator: added missing table pvpgn_friend to DB
Aug 17 15:22:49 [info ] pvpgn::bnetd::sql_dbcreator: added missing column uid int NOT NULL PRIMARY KEY to table pvpgn_friend
Aug 17 15:22:49 [info ] pvpgn::bnetd::sql_dbcreator: added missing default account to table pvpgn_friend
Aug 17 15:22:49 [info ] pvpgn::bnetd::sql_dbcreator: added missing table pvpgn_profile to DB
Aug 17 15:22:49 [info ] pvpgn::bnetd::sql_dbcreator: added missing column uid int NOT NULL PRIMARY KEY to table pvpgn_profile
Aug 17 15:22:49 [info ] pvpgn::bnetd::sql_dbcreator: added missing column sex varchar(16) to table pvpgn_profile
Aug 17 15:22:49 [info ] pvpgn::bnetd::sql_dbcreator: added missing column location varchar(128) to table pvpgn_profile
Aug 17 15:22:49 [info ] pvpgn::bnetd::sql_dbcreator: added missing column description varchar(256) to table pvpgn_profile
Aug 17 15:22:49 [info ] pvpgn::bnetd::sql_dbcreator: added missing column age varchar(16) to table pvpgn_profile
Aug 17 15:22:49 [info ] pvpgn::bnetd::sql_dbcreator: added missing column clanname varchar(48) to table pvpgn_profile
Aug 17 15:22:49 [info ] pvpgn::bnetd::sql_dbcreator: added missing default account to table pvpgn_profile
Aug 17 15:22:49 [info ] pvpgn::bnetd::sql_dbcreator: added missing table pvpgn_Record to DB
Aug 17 15:22:49 [info ] pvpgn::bnetd::sql_dbcreator: added missing column uid int NOT NULL PRIMARY KEY to table pvpgn_Record
Aug 17 15:22:49 [info ] pvpgn::bnetd::sql_dbcreator: added missing column WAR3_solo_xp int to table pvpgn_Record
Aug 17 15:22:50 [info ] pvpgn::bnetd::sql_dbcreator: added missing column WAR3_solo_level int to table pvpgn_Record
Aug 17 15:22:50 [info ] pvpgn::bnetd::sql_dbcreator: added missing column WAR3_solo_wins int to table pvpgn_Record
Aug 17 15:22:50 [info ] pvpgn::bnetd::sql_dbcreator: added missing column WAR3_solo_rank int to table pvpgn_Record
Aug 17 15:22:50 [info ] pvpgn::bnetd::sql_dbcreator: added missing column WAR3_solo_losses int to table pvpgn_Record
Aug 17 15:22:50 [info ] pvpgn::bnetd::sql_dbcreator: added missing column WAR3_team_xp int to table pvpgn_Record
Aug 17 15:22:50 [info ] pvpgn::bnetd::sql_dbcreator: added missing column WAR3_team_level int to table pvpgn_Record
Aug 17 15:22:50 [info ] pvpgn::bnetd::sql_dbcreator: added missing column WAR3_team_rank int to table pvpgn_Record
Aug 17 15:22:50 [info ] pvpgn::bnetd::sql_dbcreator: added missing column WAR3_team_wins int to table pvpgn_Record
Aug 17 15:22:50 [info ] pvpgn::bnetd::sql_dbcreator: added missing column WAR3_team_losses int to table pvpgn_Record
Aug 17 15:22:50 [info ] pvpgn::bnetd::sql_dbcreator: added missing column WAR3_ffa_xp int to table pvpgn_Record
Aug 17 15:22:50 [info ] pvpgn::bnetd::sql_dbcreator: added missing column WAR3_ffa_rank int to table pvpgn_Record
Aug 17 15:22:50 [info ] pvpgn::bnetd::sql_dbcreator: added missing column WAR3_ffa_level int to table pvpgn_Record
Aug 17 15:22:50 [info ] pvpgn::bnetd::sql_dbcreator: added missing column WAR3_ffa_wins int to table pvpgn_Record
Aug 17 15:22:50 [info ] pvpgn::bnetd::sql_dbcreator: added missing column WAR3_ffa_losses int to table pvpgn_Record
Aug 17 15:22:50 [info ] pvpgn::bnetd::sql_dbcreator: added missing column WAR3_orcs_wins int to table pvpgn_Record
Aug 17 15:22:50 [info ] pvpgn::bnetd::sql_dbcreator: added missing column WAR3_orcs_losses int to table pvpgn_Record
Aug 17 15:22:50 [info ] pvpgn::bnetd::sql_dbcreator: added missing column WAR3_humans_wins int to table pvpgn_Record
Aug 17 15:22:50 [info ] pvpgn::bnetd::sql_dbcreator: added missing column WAR3_humans_losses int to table pvpgn_Record
Aug 17 15:22:50 [info ] pvpgn::bnetd::sql_dbcreator: added missing column WAR3_undead_wins int to table pvpgn_Record
Aug 17 15:22:50 [info ] pvpgn::bnetd::sql_dbcreator: added missing column WAR3_undead_losses int to table pvpgn_Record
Aug 17 15:22:50 [info ] pvpgn::bnetd::sql_dbcreator: added missing column WAR3_nightelves_wins int to table pvpgn_Record
Aug 17 15:22:50 [info ] pvpgn::bnetd::sql_dbcreator: added missing column WAR3_nightelves_losses int to table pvpgn_Record
Aug 17 15:22:50 [info ] pvpgn::bnetd::sql_dbcreator: added missing column WAR3_random_wins int to table pvpgn_Record
Aug 17 15:22:50 [info ] pvpgn::bnetd::sql_dbcreator: added missing column WAR3_random_losses int to table pvpgn_Record
Aug 17 15:22:50 [info ] pvpgn::bnetd::sql_dbcreator: added missing column WAR3_teamcount int to table pvpgn_Record
Aug 17 15:22:50 [info ] pvpgn::bnetd::sql_dbcreator: added missing column WAR3_userselected_icon varchar(16) to table pvpgn_Record
Aug 17 15:22:50 [info ] pvpgn::bnetd::sql_dbcreator: added missing column W3XP_solo_xp int to table pvpgn_Record
Aug 17 15:22:50 [info ] pvpgn::bnetd::sql_dbcreator: added missing column W3XP_solo_level int to table pvpgn_Record
Aug 17 15:22:50 [info ] pvpgn::bnetd::sql_dbcreator: added missing column W3XP_solo_wins int to table pvpgn_Record
Aug 17 15:22:50 [info ] pvpgn::bnetd::sql_dbcreator: added missing column W3XP_solo_rank int to table pvpgn_Record
Aug 17 15:22:50 [info ] pvpgn::bnetd::sql_dbcreator: added missing column W3XP_solo_losses int to table pvpgn_Record
Aug 17 15:22:50 [info ] pvpgn::bnetd::sql_dbcreator: added missing column W3XP_team_xp int to table pvpgn_Record
Aug 17 15:22:50 [info ] pvpgn::bnetd::sql_dbcreator: added missing column W3XP_team_level int to table pvpgn_Record
Aug 17 15:22:50 [info ] pvpgn::bnetd::sql_dbcreator: added missing column W3XP_team_rank int to table pvpgn_Record
Aug 17 15:22:50 [info ] pvpgn::bnetd::sql_dbcreator: added missing column W3XP_team_wins int to table pvpgn_Record
Aug 17 15:22:51 [info ] pvpgn::bnetd::sql_dbcreator: added missing column W3XP_team_losses int to table pvpgn_Record
Aug 17 15:22:51 [info ] pvpgn::bnetd::sql_dbcreator: added missing column W3XP_ffa_xp int to table pvpgn_Record
Aug 17 15:22:51 [info ] pvpgn::bnetd::sql_dbcreator: added missing column W3XP_ffa_rank int to table pvpgn_Record
Aug 17 15:22:51 [info ] pvpgn::bnetd::sql_dbcreator: added missing column W3XP_ffa_level int to table pvpgn_Record
Aug 17 15:22:51 [info ] pvpgn::bnetd::sql_dbcreator: added missing column W3XP_ffa_wins int to table pvpgn_Record
Aug 17 15:22:51 [info ] pvpgn::bnetd::sql_dbcreator: added missing column W3XP_ffa_losses int to table pvpgn_Record
Aug 17 15:22:51 [info ] pvpgn::bnetd::sql_dbcreator: added missing column W3XP_orcs_wins int to table pvpgn_Record
Aug 17 15:22:51 [info ] pvpgn::bnetd::sql_dbcreator: added missing column W3XP_orcs_losses int to table pvpgn_Record
Aug 17 15:22:51 [info ] pvpgn::bnetd::sql_dbcreator: added missing column W3XP_humans_wins int to table pvpgn_Record
Aug 17 15:22:51 [info ] pvpgn::bnetd::sql_dbcreator: added missing column W3XP_humans_losses int to table pvpgn_Record
Aug 17 15:22:51 [info ] pvpgn::bnetd::sql_dbcreator: added missing column W3XP_undead_wins int to table pvpgn_Record
Aug 17 15:22:51 [info ] pvpgn::bnetd::sql_dbcreator: added missing column W3XP_undead_losses int to table pvpgn_Record
Aug 17 15:22:51 [info ] pvpgn::bnetd::sql_dbcreator: added missing column W3XP_nightelves_wins int to table pvpgn_Record
Aug 17 15:22:51 [info ] pvpgn::bnetd::sql_dbcreator: added missing column W3XP_nightelves_losses int to table pvpgn_Record
Aug 17 15:22:51 [info ] pvpgn::bnetd::sql_dbcreator: added missing column W3XP_random_wins int to table pvpgn_Record
Aug 17 15:22:51 [info ] pvpgn::bnetd::sql_dbcreator: added missing column W3XP_random_losses int to table pvpgn_Record
Aug 17 15:22:51 [info ] pvpgn::bnetd::sql_dbcreator: added missing column W3XP_teamcount int to table pvpgn_Record
Aug 17 15:22:51 [info ] pvpgn::bnetd::sql_dbcreator: added missing column W3XP_userselected_icon varchar(16) to table pvpgn_Record
Aug 17 15:22:51 [info ] pvpgn::bnetd::sql_dbcreator: added missing column STAR_0_wins int to table pvpgn_Record
Aug 17 15:22:51 [info ] pvpgn::bnetd::sql_dbcreator: added missing column STAR_0_losses int to table pvpgn_Record
Aug 17 15:22:51 [info ] pvpgn::bnetd::sql_dbcreator: added missing column STAR_0_disconnects int to table pvpgn_Record
Aug 17 15:22:51 [info ] pvpgn::bnetd::sql_dbcreator: added missing column STAR_1_wins int to table pvpgn_Record
Aug 17 15:22:51 [info ] pvpgn::bnetd::sql_dbcreator: added missing column STAR_1_losses int to table pvpgn_Record
Aug 17 15:22:51 [info ] pvpgn::bnetd::sql_dbcreator: added missing column STAR_1_disconnects int to table pvpgn_Record
Aug 17 15:22:51 [info ] pvpgn::bnetd::sql_dbcreator: added missing column STAR_0_last_game int to table pvpgn_Record
Aug 17 15:22:51 [info ] pvpgn::bnetd::sql_dbcreator: added missing column STAR_0_last_game_result varchar(128) to table pvpgn_Record
Aug 17 15:22:51 [info ] pvpgn::bnetd::sql_dbcreator: added missing column STAR_1_last_game int to table pvpgn_Record
Aug 17 15:22:51 [info ] pvpgn::bnetd::sql_dbcreator: added missing column STAR_1_last_game_result varchar(128) to table pvpgn_Record
Aug 17 15:22:51 [info ] pvpgn::bnetd::sql_dbcreator: added missing column STAR_1_rating int to table pvpgn_Record
Aug 17 15:22:51 [info ] pvpgn::bnetd::sql_dbcreator: added missing column STAR_1_high_rating int to table pvpgn_Record
Aug 17 15:22:52 [info ] pvpgn::bnetd::sql_dbcreator: added missing column STAR_1_rank int to table pvpgn_Record
Aug 17 15:22:52 [info ] pvpgn::bnetd::sql_dbcreator: added missing column STAR_1_high_rank int to table pvpgn_Record
Aug 17 15:22:52 [info ] pvpgn::bnetd::sql_dbcreator: added missing column SEXP_0_wins int to table pvpgn_Record
Aug 17 15:22:52 [info ] pvpgn::bnetd::sql_dbcreator: added missing column SEXP_0_losses int to table pvpgn_Record
Aug 17 15:22:52 [info ] pvpgn::bnetd::sql_dbcreator: added missing column SEXP_0_disconnects int to table pvpgn_Record
Aug 17 15:22:52 [info ] pvpgn::bnetd::sql_dbcreator: added missing column SEXP_1_wins int to table pvpgn_Record
Aug 17 15:22:52 [info ] pvpgn::bnetd::sql_dbcreator: added missing column SEXP_1_losses int to table pvpgn_Record
Aug 17 15:22:52 [info ] pvpgn::bnetd::sql_dbcreator: added missing column SEXP_1_disconnects int to table pvpgn_Record
Aug 17 15:22:52 [info ] pvpgn::bnetd::sql_dbcreator: added missing column SEXP_0_last_game int to table pvpgn_Record
Aug 17 15:22:52 [info ] pvpgn::bnetd::sql_dbcreator: added missing column SEXP_0_last_game_result varchar(128) to table pvpgn_Record
Aug 17 15:22:52 [info ] pvpgn::bnetd::sql_dbcreator: added missing column SEXP_1_last_game int to table pvpgn_Record
Aug 17 15:22:52 [info ] pvpgn::bnetd::sql_dbcreator: added missing column SEXP_1_last_game_result varchar(128) to table pvpgn_Record
Aug 17 15:22:52 [info ] pvpgn::bnetd::sql_dbcreator: added missing column SEXP_1_rating int to table pvpgn_Record
Aug 17 15:22:52 [info ] pvpgn::bnetd::sql_dbcreator: added missing column SEXP_1_high_rating int to table pvpgn_Record
Aug 17 15:22:52 [info ] pvpgn::bnetd::sql_dbcreator: added missing column SEXP_1_rank int to table pvpgn_Record
Aug 17 15:22:52 [info ] pvpgn::bnetd::sql_dbcreator: added missing column SEXP_1_high_rank int to table pvpgn_Record
Aug 17 15:22:52 [info ] pvpgn::bnetd::sql_dbcreator: added missing column TSUN_solo_rank int to table pvpgn_Record
Aug 17 15:22:52 [info ] pvpgn::bnetd::sql_dbcreator: added missing column TSUN_solo_points int to table pvpgn_Record
Aug 17 15:22:52 [info ] pvpgn::bnetd::sql_dbcreator: added missing column TSUN_solo_wins int to table pvpgn_Record
Aug 17 15:22:52 [info ] pvpgn::bnetd::sql_dbcreator: added missing column TSUN_solo_losses int to table pvpgn_Record
Aug 17 15:22:52 [info ] pvpgn::bnetd::sql_dbcreator: added missing column TSUN_solo_disconnects int to table pvpgn_Record
Aug 17 15:22:52 [info ] pvpgn::bnetd::sql_dbcreator: added missing column TSXP_solo_rank int to table pvpgn_Record
Aug 17 15:22:52 [info ] pvpgn::bnetd::sql_dbcreator: added missing column TSXP_solo_points int to table pvpgn_Record
Aug 17 15:22:53 [info ] pvpgn::bnetd::sql_dbcreator: added missing column TSXP_solo_wins int to table pvpgn_Record
Aug 17 15:22:53 [info ] pvpgn::bnetd::sql_dbcreator: added missing column TSXP_solo_losses int to table pvpgn_Record
Aug 17 15:22:53 [info ] pvpgn::bnetd::sql_dbcreator: added missing column TSXP_solo_disconnects int to table pvpgn_Record
Aug 17 15:22:53 [info ] pvpgn::bnetd::sql_dbcreator: added missing column RAL2_solo_rank int to table pvpgn_Record
Aug 17 15:22:53 [info ] pvpgn::bnetd::sql_dbcreator: added missing column RAL2_solo_points int to table pvpgn_Record
Aug 17 15:22:53 [info ] pvpgn::bnetd::sql_dbcreator: added missing column RAL2_solo_wins int to table pvpgn_Record
Aug 17 15:22:53 [info ] pvpgn::bnetd::sql_dbcreator: added missing column RAL2_solo_losses int to table pvpgn_Record
Aug 17 15:22:53 [info ] pvpgn::bnetd::sql_dbcreator: added missing column RAL2_solo_disconnects int to table pvpgn_Record
Aug 17 15:22:53 [info ] pvpgn::bnetd::sql_dbcreator: added missing column YURI_solo_rank int to table pvpgn_Record
Aug 17 15:22:53 [info ] pvpgn::bnetd::sql_dbcreator: added missing column YURI_solo_points int to table pvpgn_Record
Aug 17 15:22:53 [info ] pvpgn::bnetd::sql_dbcreator: added missing column YURI_solo_wins int to table pvpgn_Record
Aug 17 15:22:53 [info ] pvpgn::bnetd::sql_dbcreator: added missing column YURI_solo_losses int to table pvpgn_Record
Aug 17 15:22:53 [info ] pvpgn::bnetd::sql_dbcreator: added missing column YURI_solo_disconnects int to table pvpgn_Record
Aug 17 15:22:53 [info ] pvpgn::bnetd::sql_dbcreator: added missing default account to table pvpgn_Record
Aug 17 15:22:53 [info ] pvpgn::bnetd::sql_dbcreator: added missing table pvpgn_clan to DB
Aug 17 15:22:53 [info ] pvpgn::bnetd::sql_dbcreator: added missing column cid int NOT NULL PRIMARY KEY to table pvpgn_clan
Aug 17 15:22:53 [info ] pvpgn::bnetd::sql_dbcreator: added missing column short int to table pvpgn_clan
Aug 17 15:22:53 [info ] pvpgn::bnetd::sql_dbcreator: added missing column name varchar(32) to table pvpgn_clan
Aug 17 15:22:53 [info ] pvpgn::bnetd::sql_dbcreator: added missing column motd varchar(255) to table pvpgn_clan
Aug 17 15:22:53 [info ] pvpgn::bnetd::sql_dbcreator: added missing column creation_time int to table pvpgn_clan
Aug 17 15:22:53 [info ] pvpgn::bnetd::sql_dbcreator: added missing default account to table pvpgn_clan
Aug 17 15:22:53 [info ] pvpgn::bnetd::sql_dbcreator: added missing table pvpgn_clanmember to DB
Aug 17 15:22:53 [info ] pvpgn::bnetd::sql_dbcreator: added missing column uid int NOT NULL PRIMARY KEY to table pvpgn_clanmember
Aug 17 15:22:53 [info ] pvpgn::bnetd::sql_dbcreator: added missing column cid int to table pvpgn_clanmember
Aug 17 15:22:53 [info ] pvpgn::bnetd::sql_dbcreator: added missing column status int to table pvpgn_clanmember
Aug 17 15:22:53 [info ] pvpgn::bnetd::sql_dbcreator: added missing column join_time int to table pvpgn_clanmember
Aug 17 15:22:53 [info ] pvpgn::bnetd::sql_dbcreator: added missing default account to table pvpgn_clanmember
Aug 17 15:22:53 [info ] pvpgn::bnetd::sql_dbcreator: added missing table pvpgn_arrangedteam to DB
Aug 17 15:22:53 [info ] pvpgn::bnetd::sql_dbcreator: added missing column teamid int NOT NULL PRIMARY KEY to table pvpgn_arrangedteam
Aug 17 15:22:53 [info ] pvpgn::bnetd::sql_dbcreator: added missing column size int to table pvpgn_arrangedteam
Aug 17 15:22:53 [info ] pvpgn::bnetd::sql_dbcreator: added missing column clienttag varchar(8) to table pvpgn_arrangedteam
Aug 17 15:22:53 [info ] pvpgn::bnetd::sql_dbcreator: added missing column lastgame int to table pvpgn_arrangedteam
Aug 17 15:22:53 [info ] pvpgn::bnetd::sql_dbcreator: added missing column member1 int to table pvpgn_arrangedteam
Aug 17 15:22:53 [info ] pvpgn::bnetd::sql_dbcreator: added missing column member2 int to table pvpgn_arrangedteam
Aug 17 15:22:53 [info ] pvpgn::bnetd::sql_dbcreator: added missing column member3 int to table pvpgn_arrangedteam
Aug 17 15:22:53 [info ] pvpgn::bnetd::sql_dbcreator: added missing column member4 int to table pvpgn_arrangedteam
Aug 17 15:22:53 [info ] pvpgn::bnetd::sql_dbcreator: added missing column wins int to table pvpgn_arrangedteam
Aug 17 15:22:53 [info ] pvpgn::bnetd::sql_dbcreator: added missing column losses int to table pvpgn_arrangedteam
Aug 17 15:22:53 [info ] pvpgn::bnetd::sql_dbcreator: added missing column xp int to table pvpgn_arrangedteam
Aug 17 15:22:53 [info ] pvpgn::bnetd::sql_dbcreator: added missing column level int to table pvpgn_arrangedteam
Aug 17 15:22:53 [info ] pvpgn::bnetd::sql_dbcreator: added missing column rank int to table pvpgn_arrangedteam
Aug 17 15:22:53 [info ] pvpgn::bnetd::sql_dbcreator: added missing default account to table pvpgn_arrangedteam
Aug 17 15:22:53 [info ] pvpgn::bnetd::sql_dbcreator: finished adding missing tables and columns
Aug 17 15:22:53 [info ] pvpgn::bnetd::storage_init: using sql storage driver
Aug 17 15:22:53 [info ] pvpgn::FDWSelectBackend::FDWSelectBackend: fdwatch select() based layer initialized (max 1000 sockets)
Aug 17 15:22:53 [info ] pvpgn::bnetd::server_set_hostname: set hostname to "WIN-8N6DE9T0BDH"
Aug 17 15:22:53 [debug] pvpgn::bnetd::channel_create: creating new channel "The Void" shortname="The Void" clienttag=(none) country=(none) realm=(none)
Aug 17 15:22:53 [debug] pvpgn::bnetd::channel_create: channel created successfully
Aug 17 15:22:53 [debug] pvpgn::bnetd::channel_create: creating new channel "Starcraft-1" shortname="Starcraft" clienttag="STAR" country=(none) realm=(none)
Aug 17 15:22:53 [debug] pvpgn::bnetd::channel_create: channel created successfully
Aug 17 15:22:53 [debug] pvpgn::bnetd::channel_create: creating new channel "Brood War-1" shortname="Brood War" clienttag="SEXP" country=(none) realm=(none)
Aug 17 15:22:53 [debug] pvpgn::bnetd::channel_create: channel created successfully
Aug 17 15:22:53 [debug] pvpgn::bnetd::channel_create: creating new channel "Starcraft Shareware-1" shortname="Starcraft Shareware" clienttag="SSHR" country=(none) realm=(none)
Aug 17 15:22:53 [debug] pvpgn::bnetd::channel_create: channel created successfully
Aug 17 15:22:53 [debug] pvpgn::bnetd::channel_create: creating new channel "Diablo Retail-1" shortname="Diablo Retail" clienttag="DRTL" country=(none) realm=(none)
Aug 17 15:22:53 [debug] pvpgn::bnetd::channel_create: channel created successfully
Aug 17 15:22:53 [debug] pvpgn::bnetd::channel_create: creating new channel "War2BNE-1" shortname="War2BNE" clienttag="W2BN" country=(none) realm=(none)
Aug 17 15:22:53 [debug] pvpgn::bnetd::channel_create: channel created successfully
Aug 17 15:22:53 [debug] pvpgn::bnetd::channel_create: creating new channel "Diablo II-1" shortname="Diablo II" clienttag="D2DV" country=(none) realm=(none)
Aug 17 15:22:53 [debug] pvpgn::bnetd::channel_create: channel created successfully
Aug 17 15:22:53 [debug] pvpgn::bnetd::channel_create: creating new channel "Diablo II-1" shortname="Diablo II" clienttag="D2XP" country=(none) realm=(none)
Aug 17 15:22:53 [debug] pvpgn::bnetd::channel_create: channel created successfully
Aug 17 15:22:53 [debug] pvpgn::bnetd::channel_create: creating new channel "Warcraft 3 Frozen Throne" shortname="W3" clienttag="W3XP" country=(none) realm=(none)
Aug 17 15:22:53 [debug] pvpgn::bnetd::channel_create: channel created successfully
Aug 17 15:22:53 [debug] pvpgn::bnetd::channel_create: creating new channel "Warcraft 3" shortname="W3" clienttag="WAR3" country=(none) realm=(none)
Aug 17 15:22:53 [debug] pvpgn::bnetd::channel_create: channel created successfully
Aug 17 15:22:53 [debug] pvpgn::bnetd::channel_create: creating new channel "Human Castle" shortname="W3" clienttag="W3XP" country=(none) realm=(none)
Aug 17 15:22:53 [debug] pvpgn::bnetd::channel_create: channel created successfully
Aug 17 15:22:53 [debug] pvpgn::bnetd::channel_create: creating new channel "Orc Stronghold" shortname="W3" clienttag="W3XP" country=(none) realm=(none)
Aug 17 15:22:53 [debug] pvpgn::bnetd::channel_create: channel created successfully
Aug 17 15:22:53 [debug] pvpgn::bnetd::channel_create: creating new channel "Undead Necropolis" shortname="W3" clienttag="W3XP" country=(none) realm=(none)
Aug 17 15:22:53 [debug] pvpgn::bnetd::channel_create: channel created successfully
Aug 17 15:22:53 [debug] pvpgn::bnetd::channel_create: creating new channel "Night Elf Tree of Life" shortname="W3" clienttag="W3XP" country=(none) realm=(none)
Aug 17 15:22:53 [debug] pvpgn::bnetd::channel_create: channel created successfully
Aug 17 15:22:53 [debug] pvpgn::bnetd::channel_create: creating new channel "Dragon Roost" shortname="W3" clienttag="W3XP" country=(none) realm=(none)
Aug 17 15:22:53 [debug] pvpgn::bnetd::channel_create: channel created successfully
Aug 17 15:22:53 [debug] pvpgn::bnetd::channel_create: creating new channel "Human Castle" shortname="W3" clienttag="WAR3" country=(none) realm=(none)
Aug 17 15:22:53 [debug] pvpgn::bnetd::channel_create: channel created successfully
Aug 17 15:22:53 [debug] pvpgn::bnetd::channel_create: creating new channel "Orc Stronghold" shortname="W3" clienttag="WAR3" country=(none) realm=(none)
Aug 17 15:22:53 [debug] pvpgn::bnetd::channel_create: channel created successfully
Aug 17 15:22:53 [debug] pvpgn::bnetd::channel_create: creating new channel "Undead Necropolis" shortname="W3" clienttag="WAR3" country=(none) realm=(none)
Aug 17 15:22:53 [debug] pvpgn::bnetd::channel_create: channel created successfully
Aug 17 15:22:53 [debug] pvpgn::bnetd::channel_create: creating new channel "Night Elf Tree of Life" shortname="W3" clienttag="WAR3" country=(none) realm=(none)
Aug 17 15:22:53 [debug] pvpgn::bnetd::channel_create: channel created successfully
Aug 17 15:22:53 [debug] pvpgn::bnetd::channel_create: creating new channel "Dragon Roost" shortname="W3" clienttag="WAR3" country=(none) realm=(none)
Aug 17 15:22:53 [debug] pvpgn::bnetd::channel_create: channel created successfully
Aug 17 15:22:53 [debug] pvpgn::bnetd::channel_create: creating new channel "Chat" shortname="Chat" clienttag="CHAT" country=(none) realm=(none)
Aug 17 15:22:53 [debug] pvpgn::bnetd::channel_create: channel created successfully
Aug 17 15:22:53 [debug] pvpgn::bnetd::channel_create: creating new channel "Backstage" shortname="Backstage" clienttag=(none) country=(none) realm=(none)
Aug 17 15:22:53 [debug] pvpgn::bnetd::channel_create: channel created successfully
Aug 17 15:22:53 [debug] pvpgn::bnetd::channel_create: creating new channel "Moderated Support" shortname="Support" clienttag=(none) country=(none) realm=(none)
Aug 17 15:22:53 [debug] pvpgn::bnetd::channel_create: channel created successfully
Aug 17 15:22:53 [debug] pvpgn::bnetd::channel_create: creating new channel "Command n Conqr" shortname="Command n Conqr" clienttag="WCHT" country=(none) realm=(none)
Aug 17 15:22:53 [debug] pvpgn::bnetd::channel_create: channel created successfully
Aug 17 15:22:53 [debug] pvpgn::bnetd::channel_create: creating new channel "Monopoly" shortname="Monopoly" clienttag="WCHT" country=(none) realm=(none)
Aug 17 15:22:53 [debug] pvpgn::bnetd::channel_create: channel created successfully
Aug 17 15:22:53 [debug] pvpgn::bnetd::channel_create: creating new channel "Red Alert" shortname="Red Alert" clienttag="WCHT" country=(none) realm=(none)
Aug 17 15:22:53 [debug] pvpgn::bnetd::channel_create: channel created successfully
Aug 17 15:22:53 [debug] pvpgn::bnetd::channel_create: creating new channel "Renegade-1" shortname="Lob 12 0" clienttag="RNGD" country=(none) realm=(none)
Aug 17 15:22:53 [debug] pvpgn::bnetd::channel_create: channel created successfully
Aug 17 15:22:53 [debug] pvpgn::bnetd::channel_create: creating new channel "Dune 2000-1" shortname="Lob 14 0" clienttag="DN2K" country=(none) realm=(none)
Aug 17 15:22:53 [debug] pvpgn::bnetd::channel_create: channel created successfully
Aug 17 15:22:53 [debug] pvpgn::bnetd::channel_create: creating new channel "Nox-1" shortname="Lob 16 0" clienttag="NOXX" country=(none) realm=(none)
Aug 17 15:22:53 [debug] pvpgn::bnetd::channel_create: channel created successfully
Aug 17 15:22:53 [debug] pvpgn::bnetd::channel_create: creating new channel "Nox-2" shortname="Lob 16 1" clienttag="NOXX" country=(none) realm=(none)
Aug 17 15:22:53 [debug] pvpgn::bnetd::channel_create: channel created successfully
Aug 17 15:22:53 [debug] pvpgn::bnetd::channel_create: creating new channel "Tiberian Sun-1" shortname="Lob 18 0" clienttag="TSUN" country=(none) realm=(none)
Aug 17 15:22:53 [debug] pvpgn::bnetd::channel_create: channel created successfully
Aug 17 15:22:53 [debug] pvpgn::bnetd::channel_create: creating new channel "Tiberian Sun-2" shortname="Lob 18 1" clienttag="TSUN" country=(none) realm=(none)
Aug 17 15:22:53 [debug] pvpgn::bnetd::channel_create: channel created successfully
Aug 17 15:22:53 [debug] pvpgn::bnetd::channel_create: creating new channel "Tiberian Sun-3" shortname="Lob 18 2" clienttag="TSUN" country=(none) realm=(none)
Aug 17 15:22:53 [debug] pvpgn::bnetd::channel_create: channel created successfully
Aug 17 15:22:53 [debug] pvpgn::bnetd::channel_create: creating new channel "Red Alert-1" shortname="Lob 21 0" clienttag="RALT" country=(none) realm=(none)
Aug 17 15:22:53 [debug] pvpgn::bnetd::channel_create: channel created successfully
Aug 17 15:22:53 [debug] pvpgn::bnetd::channel_create: creating new channel "Emperor-1" shortname="Lob 31 0" clienttag="UNKN" country=(none) realm=(none)
Aug 17 15:22:53 [debug] pvpgn::bnetd::channel_create: channel created successfully
Aug 17 15:22:53 [debug] pvpgn::bnetd::channel_create: creating new channel "Emperor-2" shortname="Lob 31 1" clienttag="UNKN" country=(none) realm=(none)
Aug 17 15:22:53 [debug] pvpgn::bnetd::channel_create: channel created successfully
Aug 17 15:22:53 [debug] pvpgn::bnetd::channel_create: creating new channel "Red Alert 2-1" shortname="Lob 33 0" clienttag="RAL2" country=(none) realm=(none)
Aug 17 15:22:53 [debug] pvpgn::bnetd::channel_create: channel created successfully
Aug 17 15:22:53 [debug] pvpgn::bnetd::channel_create: creating new channel "Red Alert 2-2" shortname="Lob 33 1" clienttag="RAL2" country=(none) realm=(none)
Aug 17 15:22:53 [debug] pvpgn::bnetd::channel_create: channel created successfully
Aug 17 15:22:53 [debug] pvpgn::bnetd::channel_create: creating new channel "Nox Quest-1" shortname="Lob 37 0" clienttag="NOXQ" country=(none) realm=(none)
Aug 17 15:22:53 [debug] pvpgn::bnetd::channel_create: channel created successfully
Aug 17 15:22:53 [debug] pvpgn::bnetd::channel_create: creating new channel "Yuri's Revenge-1" shortname="Lob 41 0" clienttag="YURI" country=(none) realm=(none)
Aug 17 15:22:53 [debug] pvpgn::bnetd::channel_create: channel created successfully
Aug 17 15:22:53 [debug] pvpgn::bnetd::channel_create: creating new channel "Yuri's Revenge-2" shortname="Lob 41 1" clienttag="YURI" country=(none) realm=(none)
Aug 17 15:22:53 [debug] pvpgn::bnetd::channel_create: channel created successfully
Aug 17 15:22:53 [debug] pvpgn::bnetd::channel_create: creating new channel "Lob 38 0" shortname="Lob 38 0" clienttag="CHAT" country=(none) realm=(none)
Aug 17 15:22:53 [debug] pvpgn::bnetd::channel_create: channel created successfully
Aug 17 15:22:53 [debug] pvpgn::bnetd::channel_create: creating new channel "Lob 39 0" shortname="Lob 39 0" clienttag="CHAT" country=(none) realm=(none)
Aug 17 15:22:53 [debug] pvpgn::bnetd::channel_create: channel created successfully
Aug 17 15:22:53 [debug] pvpgn::bnetd::channel_create: creating new channel "Lob 40 0" shortname="Lob 40 0" clienttag="CHAT" country=(none) realm=(none)
Aug 17 15:22:53 [debug] pvpgn::bnetd::channel_create: channel created successfully
Aug 17 15:22:53 [debug] pvpgn::bnetd::AdBanner::AdBanner: created ad id=0x00000001 filename="ad000001.mng" extensiontag=0x676e6d2e delay=30 link="http://pvpgn.berlios.de" next_id=0x00000000 client="WAR3" lang="NULL"
Aug 17 15:22:53 [debug] pvpgn::bnetd::AdBanner::AdBanner: created ad id=0x00000002 filename="ad000001.mng" extensiontag=0x676e6d2e delay=30 link="http://pvpgn.berlios.de" next_id=0x00000000 client="WAR3" lang="NULL"
Aug 17 15:22:53 [debug] pvpgn::bnetd::AdBanner::AdBanner: created ad id=0x00000003 filename="ad000004.mng" extensiontag=0x676e6d2e delay=30 link="http://pvpgn.berlios.de" next_id=0x00000000 client="WAR3" lang="NULL"
Aug 17 15:22:53 [debug] pvpgn::bnetd::AdBanner::AdBanner: created ad id=0x00000004 filename="ad000004.mng" extensiontag=0x676e6d2e delay=30 link="http://pvpgn.berlios.de" next_id=0x00000000 client="WAR3" lang="NULL"
Aug 17 15:22:53 [debug] pvpgn::bnetd::AdBanner::AdBanner: created ad id=0x00000005 filename="ad000001.mng" extensiontag=0x676e6d2e delay=30 link="http://pvpgn.berlios.de" next_id=0x00000000 client="W3XP" lang="NULL"
Aug 17 15:22:53 [debug] pvpgn::bnetd::AdBanner::AdBanner: created ad id=0x00000006 filename="ad000001.mng" extensiontag=0x676e6d2e delay=30 link="http://pvpgn.berlios.de" next_id=0x00000000 client="W3XP" lang="NULL"
Aug 17 15:22:53 [debug] pvpgn::bnetd::AdBanner::AdBanner: created ad id=0x00000007 filename="ad000004.mng" extensiontag=0x676e6d2e delay=30 link="http://pvpgn.berlios.de" next_id=0x00000000 client="W3XP" lang="NULL"
Aug 17 15:22:53 [debug] pvpgn::bnetd::AdBanner::AdBanner: created ad id=0x00000008 filename="ad000004.mng" extensiontag=0x676e6d2e delay=30 link="http://pvpgn.berlios.de" next_id=0x00000000 client="W3XP" lang="NULL"
Aug 17 15:22:53 [debug] pvpgn::bnetd::AdBanner::AdBanner: created ad id=0x00000009 filename="ad000001.smk" extensiontag=0x6b6d732e delay=30 link="http://pvpgn.berlios.de" next_id=0x00000000 client="NULL" lang="NULL"
Aug 17 15:22:53 [debug] pvpgn::bnetd::AdBanner::AdBanner: created ad id=0x0000000a filename="ad000001.smk" extensiontag=0x6b6d732e delay=30 link="http://pvpgn.berlios.de" next_id=0x00000000 client="NULL" lang="NULL"
Aug 17 15:22:53 [info ] pvpgn::bnetd::output_init: initializing output file
Aug 17 15:22:53 [info ] pvpgn::bnetd::accountlist_create: started creating accountlist
Aug 17 15:22:53 [trace] ladder_createxptable: inserting level XP info (level: 1, startxp: 0 neededxp: 100 lossfactor: 10 mingames: 0)
Aug 17 15:22:53 [trace] ladder_createxptable: inserting level XP info (level: 2, startxp: 100 neededxp: 100 lossfactor: 10 mingames: 0)
Aug 17 15:22:53 [trace] ladder_createxptable: inserting level XP info (level: 3, startxp: 200 neededxp: 200 lossfactor: 10 mingames: 0)
Aug 17 15:22:53 [trace] ladder_createxptable: inserting level XP info (level: 4, startxp: 400 neededxp: 200 lossfactor: 25 mingames: 1)
Aug 17 15:22:53 [trace] ladder_createxptable: inserting level XP info (level: 5, startxp: 600 neededxp: 300 lossfactor: 25 mingames: 1)
Aug 17 15:22:53 [trace] ladder_createxptable: inserting level XP info (level: 6, startxp: 900 neededxp: 300 lossfactor: 43 mingames: 1)
Aug 17 15:22:53 [trace] ladder_createxptable: inserting level XP info (level: 7, startxp: 1200 neededxp: 400 lossfactor: 43 mingames: 2)
Aug 17 15:22:53 [trace] ladder_createxptable: inserting level XP info (level: 8, startxp: 1600 neededxp: 400 lossfactor: 67 mingames: 2)
Aug 17 15:22:53 [trace] ladder_createxptable: inserting level XP info (level: 9, startxp: 2000 neededxp: 500 lossfactor: 67 mingames: 2)
Aug 17 15:22:53 [trace] ladder_createxptable: inserting level XP info (level: 10, startxp: 2500 neededxp: 500 lossfactor: 100 mingames: 3)
Aug 17 15:22:53 [trace] ladder_createxptable: inserting level XP info (level: 11, startxp: 3000 neededxp: 500 lossfactor: 100 mingames: 3)
Aug 17 15:22:53 [trace] ladder_createxptable: inserting level XP info (level: 12, startxp: 3500 neededxp: 500 lossfactor: 100 mingames: 3)
Aug 17 15:22:53 [trace] ladder_createxptable: inserting level XP info (level: 13, startxp: 4000 neededxp: 500 lossfactor: 100 mingames: 3)
Aug 17 15:22:53 [trace] ladder_createxptable: inserting level XP info (level: 14, startxp: 4500 neededxp: 500 lossfactor: 100 mingames: 4)
Aug 17 15:22:53 [trace] ladder_createxptable: inserting level XP info (level: 15, startxp: 5000 neededxp: 500 lossfactor: 100 mingames: 4)
Aug 17 15:22:53 [trace] ladder_createxptable: inserting level XP info (level: 16, startxp: 5500 neededxp: 500 lossfactor: 100 mingames: 4)
Aug 17 15:22:53 [trace] ladder_createxptable: inserting level XP info (level: 17, startxp: 6000 neededxp: 500 lossfactor: 100 mingames: 5)
Aug 17 15:22:53 [trace] ladder_createxptable: inserting level XP info (level: 18, startxp: 6500 neededxp: 500 lossfactor: 100 mingames: 5)
Aug 17 15:22:53 [trace] ladder_createxptable: inserting level XP info (level: 19, startxp: 7000 neededxp: 500 lossfactor: 100 mingames: 5)
Aug 17 15:22:53 [trace] ladder_createxptable: inserting level XP info (level: 20, startxp: 7500 neededxp: 500 lossfactor: 100 mingames: 6)
Aug 17 15:22:53 [trace] ladder_createxptable: inserting level XP info (level: 21, startxp: 8000 neededxp: 500 lossfactor: 100 mingames: 6)
Aug 17 15:22:53 [trace] ladder_createxptable: inserting level XP info (level: 22, startxp: 8500 neededxp: 500 lossfactor: 100 mingames: 6)
Aug 17 15:22:53 [trace] ladder_createxptable: inserting level XP info (level: 23, startxp: 9000 neededxp: 500 lossfactor: 100 mingames: 6)
Aug 17 15:22:53 [trace] ladder_createxptable: inserting level XP info (level: 24, startxp: 9500 neededxp: 500 lossfactor: 100 mingames: 7)
Aug 17 15:22:53 [trace] ladder_createxptable: inserting level XP info (level: 25, startxp: 10000 neededxp: 500 lossfactor: 100 mingames: 7)
Aug 17 15:22:53 [trace] ladder_createxptable: inserting level XP info (level: 26, startxp: 10500 neededxp: 500 lossfactor: 100 mingames: 7)
Aug 17 15:22:53 [trace] ladder_createxptable: inserting level XP info (level: 27, startxp: 11000 neededxp: 500 lossfactor: 100 mingames: 8)
Aug 17 15:22:53 [trace] ladder_createxptable: inserting level XP info (level: 28, startxp: 11500 neededxp: 500 lossfactor: 100 mingames: 8)
Aug 17 15:22:53 [trace] ladder_createxptable: inserting level XP info (level: 29, startxp: 12000 neededxp: 500 lossfactor: 100 mingames: 8)
Aug 17 15:22:53 [trace] ladder_createxptable: inserting level XP info (level: 30, startxp: 12500 neededxp: 500 lossfactor: 100 mingames: 9)
Aug 17 15:22:53 [trace] ladder_createxptable: inserting level XP info (level: 31, startxp: 13000 neededxp: 500 lossfactor: 100 mingames: 9)
Aug 17 15:22:53 [trace] ladder_createxptable: inserting level XP info (level: 32, startxp: 13500 neededxp: 500 lossfactor: 100 mingames: 9)
Aug 17 15:22:53 [trace] ladder_createxptable: inserting level XP info (level: 33, startxp: 14000 neededxp: 500 lossfactor: 100 mingames: 9)
Aug 17 15:22:53 [trace] ladder_createxptable: inserting level XP info (level: 34, startxp: 14500 neededxp: 500 lossfactor: 100 mingames: 10)
Aug 17 15:22:53 [trace] ladder_createxptable: inserting level XP info (level: 35, startxp: 15000 neededxp: 500 lossfactor: 100 mingames: 10)
Aug 17 15:22:53 [trace] ladder_createxptable: inserting level XP info (level: 36, startxp: 15500 neededxp: 500 lossfactor: 100 mingames: 10)
Aug 17 15:22:53 [trace] ladder_createxptable: inserting level XP info (level: 37, startxp: 16000 neededxp: 500 lossfactor: 100 mingames: 11)
Aug 17 15:22:53 [trace] ladder_createxptable: inserting level XP info (level: 38, startxp: 16500 neededxp: 500 lossfactor: 100 mingames: 11)
Aug 17 15:22:53 [trace] ladder_createxptable: inserting level XP info (level: 39, startxp: 17000 neededxp: 500 lossfactor: 100 mingames: 11)
Aug 17 15:22:53 [trace] ladder_createxptable: inserting level XP info (level: 40, startxp: 17500 neededxp: 500 lossfactor: 100 mingames: 12)
Aug 17 15:22:53 [trace] ladder_createxptable: inserting level XP info (level: 41, startxp: 18000 neededxp: 500 lossfactor: 100 mingames: 12)
Aug 17 15:22:53 [trace] ladder_createxptable: inserting level XP info (level: 42, startxp: 18500 neededxp: 500 lossfactor: 100 mingames: 12)
Aug 17 15:22:53 [trace] ladder_createxptable: inserting level XP info (level: 43, startxp: 19000 neededxp: 500 lossfactor: 100 mingames: 12)
Aug 17 15:22:53 [trace] ladder_createxptable: inserting level XP info (level: 44, startxp: 19500 neededxp: 500 lossfactor: 100 mingames: 13)
Aug 17 15:22:53 [trace] ladder_createxptable: inserting level XP info (level: 45, startxp: 20000 neededxp: 500 lossfactor: 100 mingames: 13)
Aug 17 15:22:53 [trace] ladder_createxptable: inserting level XP info (level: 46, startxp: 20500 neededxp: 500 lossfactor: 100 mingames: 13)
Aug 17 15:22:53 [trace] ladder_createxptable: inserting level XP info (level: 47, startxp: 21000 neededxp: 500 lossfactor: 100 mingames: 14)
Aug 17 15:22:53 [trace] ladder_createxptable: inserting level XP info (level: 48, startxp: 21500 neededxp: 500 lossfactor: 100 mingames: 14)
Aug 17 15:22:53 [trace] ladder_createxptable: inserting level XP info (level: 49, startxp: 22000 neededxp: 500 lossfactor: 100 mingames: 14)
Aug 17 15:22:53 [trace] ladder_createxptable: inserting level XP info (level: 50, startxp: 22500 neededxp: 500 lossfactor: 100 mingames: 15)
Aug 17 15:22:53 [trace] ladder_createxptable: inserting level XP info (level: 51, startxp: 23000 neededxp: 500 lossfactor: 100 mingames: 15)
Aug 17 15:22:53 [trace] ladder_createxptable: inserting level XP info (level: 52, startxp: 23500 neededxp: 500 lossfactor: 100 mingames: 15)
Aug 17 15:22:53 [trace] ladder_createxptable: inserting level XP info (level: 53, startxp: 24000 neededxp: 500 lossfactor: 100 mingames: 15)
Aug 17 15:22:53 [trace] ladder_createxptable: inserting level XP info (level: 54, startxp: 24500 neededxp: 500 lossfactor: 100 mingames: 16)
Aug 17 15:22:53 [trace] ladder_createxptable: inserting level XP info (level: 55, startxp: 25000 neededxp: 500 lossfactor: 100 mingames: 16)
Aug 17 15:22:53 [trace] ladder_createxptable: inserting level XP info (level: 56, startxp: 25500 neededxp: 500 lossfactor: 100 mingames: 16)
Aug 17 15:22:53 [trace] ladder_createxptable: inserting level XP info (level: 57, startxp: 26000 neededxp: 500 lossfactor: 100 mingames: 17)
Aug 17 15:22:53 [trace] ladder_createxptable: inserting level XP info (level: 58, startxp: 26500 neededxp: 500 lossfactor: 100 mingames: 17)
Aug 17 15:22:53 [trace] ladder_createxptable: inserting level XP info (level: 59, startxp: 27000 neededxp: 500 lossfactor: 100 mingames: 17)
Aug 17 15:22:53 [trace] ladder_createxptable: inserting level XP info (level: 60, startxp: 27500 neededxp: 500 lossfactor: 100 mingames: 18)
Aug 17 15:22:53 [trace] ladder_createxptable: inserting level XP info (level: 61, startxp: 28000 neededxp: 500 lossfactor: 100 mingames: 18)
Aug 17 15:22:53 [trace] ladder_createxptable: inserting level XP info (level: 62, startxp: 28500 neededxp: 500 lossfactor: 100 mingames: 18)
Aug 17 15:22:53 [trace] ladder_createxptable: inserting level XP info (level: 63, startxp: 29000 neededxp: 500 lossfactor: 100 mingames: 18)
Aug 17 15:22:53 [trace] ladder_createxptable: inserting level XP info (level: 64, startxp: 29500 neededxp: 500 lossfactor: 100 mingames: 19)
Aug 17 15:22:53 [trace] ladder_createxptable: inserting level XP info (level: 65, startxp: 30000 neededxp: 500 lossfactor: 100 mingames: 19)
Aug 17 15:22:53 [trace] ladder_createxptable: parsed xpcalc leveldiff : 0
Aug 17 15:22:53 [trace] ladder_createxptable: parsed xpcalc leveldiff : 1
Aug 17 15:22:53 [trace] ladder_createxptable: parsed xpcalc leveldiff : 2
Aug 17 15:22:53 [trace] ladder_createxptable: parsed xpcalc leveldiff : 3
Aug 17 15:22:53 [trace] ladder_createxptable: parsed xpcalc leveldiff : 4
Aug 17 15:22:53 [trace] ladder_createxptable: parsed xpcalc leveldiff : 5
Aug 17 15:22:53 [trace] ladder_createxptable: parsed xpcalc leveldiff : 6
Aug 17 15:22:53 [info ] pvpgn::bnetd::ladder_createxptable: set war3 xpcalc maxleveldiff to 6
Aug 17 15:22:53 [info ] pvpgn::bnetd::LadderList::loadBinary: could not open ladder file "var\ladders/SEXP_AR_LADDER" - maybe ladder still empty (std::ifstream: No such file or directory)
Aug 17 15:22:53 [info ] pvpgn::bnetd::LadderList::loadBinary: could not open ladder file "var\ladders/SEXP_CR_LADDER" - maybe ladder still empty (std::ifstream: No such file or directory)
Aug 17 15:22:53 [info ] pvpgn::bnetd::LadderList::loadBinary: could not open ladder file "var\ladders/SEXP_AW_LADDER" - maybe ladder still empty (std::ifstream: No such file or directory)
Aug 17 15:22:53 [info ] pvpgn::bnetd::LadderList::loadBinary: could not open ladder file "var\ladders/SEXP_CW_LADDER" - maybe ladder still empty (std::ifstream: No such file or directory)
Aug 17 15:22:53 [info ] pvpgn::bnetd::LadderList::loadBinary: could not open ladder file "var\ladders/SEXP_AG_LADDER" - maybe ladder still empty (std::ifstream: No such file or directory)
Aug 17 15:22:53 [info ] pvpgn::bnetd::LadderList::loadBinary: could not open ladder file "var\ladders/SEXP_CG_LADDER" - maybe ladder still empty (std::ifstream: No such file or directory)
Aug 17 15:22:53 [info ] pvpgn::bnetd::LadderList::loadBinary: could not open ladder file "var\ladders/STAR_AR_LADDER" - maybe ladder still empty (std::ifstream: No such file or directory)
Aug 17 15:22:53 [info ] pvpgn::bnetd::LadderList::loadBinary: could not open ladder file "var\ladders/STAR_CR_LADDER" - maybe ladder still empty (std::ifstream: No such file or directory)
Aug 17 15:22:53 [info ] pvpgn::bnetd::LadderList::loadBinary: could not open ladder file "var\ladders/STAR_AW_LADDER" - maybe ladder still empty (std::ifstream: No such file or directory)
Aug 17 15:22:53 [info ] pvpgn::bnetd::LadderList::loadBinary: could not open ladder file "var\ladders/STAR_CW_LADDER" - maybe ladder still empty (std::ifstream: No such file or directory)
Aug 17 15:22:53 [info ] pvpgn::bnetd::LadderList::loadBinary: could not open ladder file "var\ladders/STAR_AG_LADDER" - maybe ladder still empty (std::ifstream: No such file or directory)
Aug 17 15:22:53 [info ] pvpgn::bnetd::LadderList::loadBinary: could not open ladder file "var\ladders/STAR_CG_LADDER" - maybe ladder still empty (std::ifstream: No such file or directory)
Aug 17 15:22:53 [info ] pvpgn::bnetd::LadderList::loadBinary: could not open ladder file "var\ladders/W2BN_AR_LADDER" - maybe ladder still empty (std::ifstream: No such file or directory)
Aug 17 15:22:53 [info ] pvpgn::bnetd::LadderList::loadBinary: could not open ladder file "var\ladders/W2BN_CR_LADDER" - maybe ladder still empty (std::ifstream: No such file or directory)
Aug 17 15:22:53 [info ] pvpgn::bnetd::LadderList::loadBinary: could not open ladder file "var\ladders/W2BN_AW_LADDER" - maybe ladder still empty (std::ifstream: No such file or directory)
Aug 17 15:22:53 [info ] pvpgn::bnetd::LadderList::loadBinary: could not open ladder file "var\ladders/W2BN_CW_LADDER" - maybe ladder still empty (std::ifstream: No such file or directory)
Aug 17 15:22:53 [info ] pvpgn::bnetd::LadderList::loadBinary: could not open ladder file "var\ladders/W2BN_AG_LADDER" - maybe ladder still empty (std::ifstream: No such file or directory)
Aug 17 15:22:53 [info ] pvpgn::bnetd::LadderList::loadBinary: could not open ladder file "var\ladders/W2BN_CG_LADDER" - maybe ladder still empty (std::ifstream: No such file or directory)
Aug 17 15:22:53 [info ] pvpgn::bnetd::LadderList::loadBinary: could not open ladder file "var\ladders/W2BN_ARI_LADDER" - maybe ladder still empty (std::ifstream: No such file or directory)
Aug 17 15:22:53 [info ] pvpgn::bnetd::LadderList::loadBinary: could not open ladder file "var\ladders/W2BN_CRI_LADDER" - maybe ladder still empty (std::ifstream: No such file or directory)
Aug 17 15:22:53 [info ] pvpgn::bnetd::LadderList::loadBinary: could not open ladder file "var\ladders/W2BN_AWI_LADDER" - maybe ladder still empty (std::ifstream: No such file or directory)
Aug 17 15:22:53 [info ] pvpgn::bnetd::LadderList::loadBinary: could not open ladder file "var\ladders/W2BN_CWI_LADDER" - maybe ladder still empty (std::ifstream: No such file or directory)
Aug 17 15:22:53 [info ] pvpgn::bnetd::LadderList::loadBinary: could not open ladder file "var\ladders/W2BN_AGI_LADDER" - maybe ladder still empty (std::ifstream: No such file or directory)
Aug 17 15:22:53 [info ] pvpgn::bnetd::LadderList::loadBinary: could not open ladder file "var\ladders/W2BN_CGI_LADDER" - maybe ladder still empty (std::ifstream: No such file or directory)
Aug 17 15:22:53 [info ] pvpgn::bnetd::LadderList::loadBinary: could not open ladder file "var\ladders/RAL2_SOLO_LADDER" - maybe ladder still empty (std::ifstream: No such file or directory)
Aug 17 15:22:53 [info ] pvpgn::bnetd::LadderList::loadBinary: could not open ladder file "var\ladders/TSUN_SOLO_LADDER" - maybe ladder still empty (std::ifstream: No such file or directory)
Aug 17 15:22:53 [info ] pvpgn::bnetd::LadderList::loadBinary: could not open ladder file "var\ladders/TSXP_SOLO_LADDER" - maybe ladder still empty (std::ifstream: No such file or directory)
Aug 17 15:22:53 [info ] pvpgn::bnetd::LadderList::loadBinary: could not open ladder file "var\ladders/W3XP_SOLO_LADDER" - maybe ladder still empty (std::ifstream: No such file or directory)
Aug 17 15:22:53 [info ] pvpgn::bnetd::LadderList::loadBinary: could not open ladder file "var\ladders/WAR3_SOLO_LADDER" - maybe ladder still empty (std::ifstream: No such file or directory)
Aug 17 15:22:53 [info ] pvpgn::bnetd::LadderList::loadBinary: could not open ladder file "var\ladders/YURI_SOLO_LADDER" - maybe ladder still empty (std::ifstream: No such file or directory)
Aug 17 15:22:53 [info ] pvpgn::bnetd::LadderList::loadBinary: could not open ladder file "var\ladders/W3XP_TEAM_LADDER" - maybe ladder still empty (std::ifstream: No such file or directory)
Aug 17 15:22:53 [info ] pvpgn::bnetd::LadderList::loadBinary: could not open ladder file "var\ladders/WAR3_TEAM_LADDER" - maybe ladder still empty (std::ifstream: No such file or directory)
Aug 17 15:22:53 [info ] pvpgn::bnetd::LadderList::loadBinary: could not open ladder file "var\ladders/W3XP_FFA_LADDER" - maybe ladder still empty (std::ifstream: No such file or directory)
Aug 17 15:22:53 [info ] pvpgn::bnetd::LadderList::loadBinary: could not open ladder file "var\ladders/WAR3_FFA_LADDER" - maybe ladder still empty (std::ifstream: No such file or directory)
Aug 17 15:22:53 [info ] pvpgn::bnetd::LadderList::loadBinary: could not open ladder file "var\ladders/W3XP_AT_LADDER" - maybe ladder still empty (std::ifstream: No such file or directory)
Aug 17 15:22:53 [info ] pvpgn::bnetd::LadderList::loadBinary: could not open ladder file "var\ladders/WAR3_AT_LADDER" - maybe ladder still empty (std::ifstream: No such file or directory)
Aug 17 15:22:53 [debug] pvpgn::bnetd::Ladders::rebuild: start rebuilding ladders
Aug 17 15:22:53 [info ] pvpgn::bnetd::accountlist_load_all: loaded 0 user accounts in 0 seconds
Aug 17 15:22:53 [debug] pvpgn::bnetd::Ladders::rebuild: done rebuilding ladders
Aug 17 15:22:53 [info ] pvpgn::bnetd::LadderList::saveBinary: successfully saved var\ladders/SEXP_AR_LADDER
Aug 17 15:22:53 [info ] pvpgn::bnetd::LadderList::saveBinary: successfully saved var\ladders/SEXP_CR_LADDER
Aug 17 15:22:53 [info ] pvpgn::bnetd::LadderList::saveBinary: successfully saved var\ladders/SEXP_AW_LADDER
Aug 17 15:22:53 [info ] pvpgn::bnetd::LadderList::saveBinary: successfully saved var\ladders/SEXP_CW_LADDER
Aug 17 15:22:53 [info ] pvpgn::bnetd::LadderList::saveBinary: successfully saved var\ladders/SEXP_AG_LADDER
Aug 17 15:22:53 [info ] pvpgn::bnetd::LadderList::saveBinary: successfully saved var\ladders/SEXP_CG_LADDER
Aug 17 15:22:53 [info ] pvpgn::bnetd::LadderList::saveBinary: successfully saved var\ladders/STAR_AR_LADDER
Aug 17 15:22:53 [info ] pvpgn::bnetd::LadderList::saveBinary: successfully saved var\ladders/STAR_CR_LADDER
Aug 17 15:22:53 [info ] pvpgn::bnetd::LadderList::saveBinary: successfully saved var\ladders/STAR_AW_LADDER
Aug 17 15:22:53 [info ] pvpgn::bnetd::LadderList::saveBinary: successfully saved var\ladders/STAR_CW_LADDER
Aug 17 15:22:53 [info ] pvpgn::bnetd::LadderList::saveBinary: successfully saved var\ladders/STAR_AG_LADDER
Aug 17 15:22:53 [info ] pvpgn::bnetd::LadderList::saveBinary: successfully saved var\ladders/STAR_CG_LADDER
Aug 17 15:22:53 [info ] pvpgn::bnetd::LadderList::saveBinary: successfully saved var\ladders/W2BN_AR_LADDER
Aug 17 15:22:53 [info ] pvpgn::bnetd::LadderList::saveBinary: successfully saved var\ladders/W2BN_CR_LADDER
Aug 17 15:22:53 [info ] pvpgn::bnetd::LadderList::saveBinary: successfully saved var\ladders/W2BN_AW_LADDER
Aug 17 15:22:53 [info ] pvpgn::bnetd::LadderList::saveBinary: successfully saved var\ladders/W2BN_CW_LADDER
Aug 17 15:22:53 [info ] pvpgn::bnetd::LadderList::saveBinary: successfully saved var\ladders/W2BN_AG_LADDER
Aug 17 15:22:53 [info ] pvpgn::bnetd::LadderList::saveBinary: successfully saved var\ladders/W2BN_CG_LADDER
Aug 17 15:22:53 [info ] pvpgn::bnetd::LadderList::saveBinary: successfully saved var\ladders/W2BN_ARI_LADDER
Aug 17 15:22:53 [info ] pvpgn::bnetd::LadderList::saveBinary: successfully saved var\ladders/W2BN_CRI_LADDER
Aug 17 15:22:53 [info ] pvpgn::bnetd::LadderList::saveBinary: successfully saved var\ladders/W2BN_AWI_LADDER
Aug 17 15:22:53 [info ] pvpgn::bnetd::LadderList::saveBinary: successfully saved var\ladders/W2BN_CWI_LADDER
Aug 17 15:22:53 [info ] pvpgn::bnetd::LadderList::saveBinary: successfully saved var\ladders/W2BN_AGI_LADDER
Aug 17 15:22:53 [info ] pvpgn::bnetd::LadderList::saveBinary: successfully saved var\ladders/W2BN_CGI_LADDER
Aug 17 15:22:53 [info ] pvpgn::bnetd::LadderList::saveBinary: successfully saved var\ladders/RAL2_SOLO_LADDER
Aug 17 15:22:53 [info ] pvpgn::bnetd::LadderList::saveBinary: successfully saved var\ladders/TSUN_SOLO_LADDER
Aug 17 15:22:53 [info ] pvpgn::bnetd::LadderList::saveBinary: successfully saved var\ladders/TSXP_SOLO_LADDER
Aug 17 15:22:53 [info ] pvpgn::bnetd::LadderList::saveBinary: successfully saved var\ladders/W3XP_SOLO_LADDER
Aug 17 15:22:53 [info ] pvpgn::bnetd::LadderList::saveBinary: successfully saved var\ladders/WAR3_SOLO_LADDER
Aug 17 15:22:53 [info ] pvpgn::bnetd::LadderList::saveBinary: successfully saved var\ladders/YURI_SOLO_LADDER
Aug 17 15:22:53 [info ] pvpgn::bnetd::LadderList::saveBinary: successfully saved var\ladders/W3XP_TEAM_LADDER
Aug 17 15:22:53 [info ] pvpgn::bnetd::LadderList::saveBinary: successfully saved var\ladders/WAR3_TEAM_LADDER
Aug 17 15:22:53 [info ] pvpgn::bnetd::LadderList::saveBinary: successfully saved var\ladders/W3XP_FFA_LADDER
Aug 17 15:22:53 [info ] pvpgn::bnetd::LadderList::saveBinary: successfully saved var\ladders/WAR3_FFA_LADDER
Aug 17 15:22:53 [info ] pvpgn::bnetd::LadderList::saveBinary: successfully saved var\ladders/W3XP_AT_LADDER
Aug 17 15:22:53 [info ] pvpgn::bnetd::LadderList::saveBinary: successfully saved var\ladders/WAR3_AT_LADDER
Aug 17 15:22:54 [info ] pvpgn::bnetd::tracker_set_servers: tracking packets will be sent to 69.23.104.66:6114
Aug 17 15:22:54 [info ] pvpgn::bnetd::aliasfile_load: done loading aliases
Aug 17 15:22:54 [info ] pvpgn::trans_load: trans file loaded
Aug 17 15:22:54 [trace] pvpgn::bnetd::tournament_init: added tournament map "Maps\(8)Battleground.w3m" for WAR3
Aug 17 15:22:54 [trace] pvpgn::bnetd::tournament_init: added tournament map "Maps\(8)PlainsOfSnow.w3m" for WAR3
Aug 17 15:22:54 [trace] pvpgn::bnetd::tournament_init: added tournament map "Maps\(8)BloodvenomFalls.w3m" for WAR3
Aug 17 15:22:54 [trace] pvpgn::bnetd::tournament_init: added tournament map "Maps\(8)GardenOfWar.w3m" for WAR3
Aug 17 15:22:54 [trace] pvpgn::bnetd::tournament_init: added tournament map "Maps\FrozenThrone\(8)Mur'gulOasis.w3x" for W3XP
Aug 17 15:22:54 [trace] pvpgn::bnetd::tournament_init: added tournament map "Maps\FrozenThrone\(8)PlainsOfSnow.w3x" for W3XP
Aug 17 15:22:54 [trace] pvpgn::bnetd::tournament_init: added tournament map "Maps\FrozenThrone\(8)RockQuarry.w3x" for W3XP
Aug 17 15:22:54 [trace] pvpgn::bnetd::tournament_init: added tournament map "Maps\FrozenThrone\(8)Sanctuary.w3x" for W3XP
Aug 17 15:22:54 [info ] pvpgn::bnetd::anongame_infos_load: got langID: []
Aug 17 15:22:54 [info ] pvpgn::bnetd::anongame_infos_load: got langID: [deDE]
Aug 17 15:22:54 [info ] pvpgn::bnetd::anongame_infos_load: got langID: [zhCN]
Aug 17 15:22:54 [info ] pvpgn::bnetd::anongame_infos_load: got langID: [ruRU]
Aug 17 15:22:54 [trace] pvpgn::bnetd::topiclist_load: start reading topic file
Aug 17 15:22:54 [trace] pvpgn::bnetd::topiclist_load: channel: Chat topic: "This is the public chat channel. Feel free to chat..."
Aug 17 15:22:54 [trace] pvpgn::bnetd::topiclist_load: channel: Moderated Support topic: "Support is provided in this channel..."
Aug 17 15:22:54 [trace] pvpgn::bnetd::topiclist_load: finished reading topic file
Aug 17 15:22:54 [info ] pvpgn::bnetd::_setup_listensock: listening for bnet connections on 0.0.0.0:6112 TCP
Aug 17 15:22:54 [info ] pvpgn::bnetd::_setup_listensock: listening for w3route connections on 0.0.0.0:6200 TCP
Aug 17 15:22:54 [debug] pvpgn::bnetd::attrlayer_flush: flushed 1 user accounts
